<?xml version="1.0" encoding="UTF-8"?>
<!-- Generated by org.testng.reporters.JUnitXMLReporter -->
<testsuite ignored="0" hostname="LAPTOP-H2H8QD76" failures="1" tests="4" name="EditUITest" time="4.413" errors="0" timestamp="2021-10-11T09:25:29 IST">
  <testcase classname="com.seleniumtraining.test.VerifyEditOperations" name="PageTitleValidation" time="0.182"/>
  <testcase classname="com.seleniumtraining.test.VerifyEditOperations" name="EditFieldValidation" time="0.245">
    <skipped/>
  </testcase> <!-- EditFieldValidation -->
  <testcase classname="com.seleniumtraining.test.VerifyEditOperations" name="EditFieldValidation" time="0.149">
    <skipped/>
  </testcase> <!-- EditFieldValidation -->
  <testcase classname="com.seleniumtraining.test.VerifyEditOperations" name="EditFieldValidation" time="0.141">
    <failure type="java.lang.AssertionError" message="expected [true] but found [false]">
      <![CDATA[java.lang.AssertionError: expected [true] but found [false]
at com.seleniumtraining.test.VerifyEditOperations.EditFieldValidation(VerifyEditOperations.java:64)
at java.base/java.util.ArrayList.forEach(ArrayList.java:1511)
... Removed 31 stack frames]]>
    </failure>
  </testcase> <!-- EditFieldValidation -->
</testsuite> <!-- EditUITest -->
